

Version:	3.50
CmdLine:	C:\Users\1924h\Downloads\nodnet\NodNet.exe --l4j-debug
JNI:		No
WOW64:		Yes
Requires JDK:	No
Requires 64-Bit: Yes
Java min ver:	
Java max ver:	
Substitute:	JAVA_HOME = C:\Program Files\Java\jdk-21.0.1
Substitute:	PATH = C:\Program Files (x86)\Common Files\Oracle\Java\javapath;C:\Users\1924h\AppData\Local\Programs\Python\Python312\Scripts\;C:\Users\1924h\AppData\Local\Programs\Python\Python312\;C:\Program Files\Eclipse Adoptium\jdk-17.0.3.7-hotspot\bin;C:\WINDOWS\system32;C:\WINDOWS;C:\WINDOWS\System32\Wbem;C:\WINDOWS\System32\WindowsPowerShell\v1.0\;C:\WINDOWS\System32\OpenSSH\;C:\ProgramData\chocolatey\bin;C:\Program Files\PostgreSQL\13\lib;C:\Program Files\PostgreSQL\13\bin;C:\Program Files\Git\cmd;C:\Program Files\dotnet\;C:\Program Files\Microsoft SQL Server\150\Tools\Binn\;C:\Gradle\gradle-7.5.1\bin;C:\WINDOWS\system32;C:\WINDOWS;C:\WINDOWS\System32\Wbem;C:\WINDOWS\System32\WindowsPowerShell\v1.0\;C:\WINDOWS\System32\OpenSSH\;C:\Users\1924h\Downloads\platform-tools_r28.0.2-windows\platform-tools;C:\msys64\mingw64\bin;C:\Users\1924h\OneDrive\Desktop\FDP\vcpkg;C:\Program Files (x86)\Windows Kits\10\Windows Performance Toolkit\;C:\Program Files\Calibre2\;C:\Program Files\nodejs\;C:\Users\1924h\AppData\Local\Android\Sdk\platform-tools;C:\Users\1924h\AppData\Local\Android\Sdk\emulator;C:\Program Files\Java\jre-1.8\bin;C:\Program Files\Java\jdk-1.8\bin;C:\Users\1924h\AppData\Local\Programs\Python\Python312\Scripts\;C:\Users\1924h\AppData\Local\Programs\Python\Python312\;C:\Users\1924h\.cargo\bin;C:\Users\1924h\AppData\Local\Microsoft\WindowsApps;C:\Users\1924h\AppData\Local\Programs\Microsoft VS Code\bin;C:\flutter_windows_3.3.10-stable\flutter\bin;C:\Program Files\PostgreSQL\13\bin;C:\Program Files\PostgreSQL\13\lib;C:\Users\1924h\AppData\Local\GitHubDesktop\bin;C:\Users\1924h\.dotnet\tools;C:\Program Files (x86)\Nmap;C:\Program Files\PostgreSQL\14\bin;C:\Users\1924h\Downloads\platform-tools_r28.0.2-windows\platform-tools;C:\Users\1924h\AppData\Roaming\npm;C:\Users\1924h\AppData\Local\Programs\MiKTeX\miktex\bin\x64\;C:\Users\1924h\AppData\Local\Pandoc\;C:\Program Files\Java\jre-1.8\bin
JRE paths:	C:\Program Files\Java\jdk-21.0.1;C:\Program Files (x86)\Common Files\Oracle\Java\javapath;C:\Users\1924h\AppData\Local\Programs\Python\Python312\Scripts\;C:\Users\1924h\AppData\Local\Programs\Python\Python312\;C:\Program Files\Eclipse Adoptium\jdk-17.0.3.7-hotspot\bin;C:\WINDOWS\system32;C:\WINDOWS;C:\WINDOWS\System32\Wbem;C:\WINDOWS\System32\WindowsPowerShell\v1.0\;C:\WINDOWS\System32\OpenSSH\;C:\ProgramData\chocolatey\bin;C:\Program Files\PostgreSQL\13\lib;C:\Program Files\PostgreSQL\13\bin;C:\Program Files\Git\cmd;C:\Program Files\dotnet\;C:\Program Files\Microsoft SQL Server\150\Tools\Binn\;C:\Gradle\gradle-7.5.1\bin;C:\WINDOWS\system32;C:\WINDOWS;C:\WINDOWS\System32\Wbem;C:\WINDOWS\System32\WindowsPowerShell\v1.0\;C:\WINDOWS\System32\OpenSSH\;C:\Users\1924h\Downloads\platform-tools_r28.0.2-windows\platform-tools;C:\msys64\mingw64\bin;C:\Users\1924h\OneDrive\Desktop\FDP\vcpkg;C:\Program Files (x86)\Windows Kits\10\Windows Performance Toolkit\;C:\Program Files\Calibre2\;C:\Program Files\nodejs\;C:\Users\1924h\AppData\Local\Android\Sdk\platform-tools;C:\Users\1924h\AppData\Local\Android\Sdk\emulator;C:\Program Files\Java\jre-1.8\bin;C:\Program Files\Java\jdk-1.8\bin;C:\Users\1924h\AppData\Local\Programs\Python\Python312\Scripts\;C:\Users\1924h\AppData\Local\Programs\Python\Python312\;C:\Users\1924h\.cargo\bin;C:\Users\1924h\AppData\Local\Microsoft\WindowsApps;C:\Users\1924h\AppData\Local\Programs\Microsoft VS Code\bin;C:\flutter_windows_3.3.10-stable\flutter\bin;C:\Program Files\PostgreSQL\13\bin;C:\Program Files\PostgreSQL\13\lib;C:\Users\1924h\AppData\Local\GitHubDesktop\bin;C:\Users\1924h\.dotnet\tools;C:\Program Files (x86)\Nmap;C:\Program Files\PostgreSQL\14\bin;C:\Users\1924h\Downloads\platform-tools_r28.0.2-windows\platform-tools;C:\Users\1924h\AppData\Roaming\npm;C:\Users\1924h\AppData\Local\Programs\MiKTeX\miktex\bin\x64\;C:\Users\1924h\AppData\Local\Pandoc\;C:\Program Files\Java\jre-1.8\bin
Check launcher:	C:\Program Files\Java\jdk-21.0.1\bin\javaw.exe (not found)
Check launcher:	C:\Program Files (x86)\Common Files\Oracle\Java\javapath\bin\javaw.exe (not found)
Check launcher:	C:\Users\1924h\AppData\Local\Programs\Python\Python312\Scripts\bin\javaw.exe (not found)
Check launcher:	C:\Users\1924h\AppData\Local\Programs\Python\Python312\bin\javaw.exe (not found)
Check launcher:	C:\Program Files\Eclipse Adoptium\jdk-17.0.3.7-hotspot\bin\javaw.exe (not found)
Check launcher:	C:\WINDOWS\system32\bin\javaw.exe (not found)
Check launcher:	C:\WINDOWS\bin\javaw.exe (not found)
Check launcher:	C:\WINDOWS\System32\Wbem\bin\javaw.exe (not found)
Check launcher:	C:\WINDOWS\System32\WindowsPowerShell\v1.0\bin\javaw.exe (not found)
Check launcher:	C:\WINDOWS\System32\OpenSSH\bin\javaw.exe (not found)
Check launcher:	C:\ProgramData\chocolatey\bin\javaw.exe (not found)
Check launcher:	C:\Program Files\PostgreSQL\13\lib\bin\javaw.exe (not found)
Check launcher:	C:\Program Files\PostgreSQL\13\bin\javaw.exe (not found)
Check launcher:	C:\Program Files\Git\cmd\bin\javaw.exe (not found)
Check launcher:	C:\Program Files\dotnet\bin\javaw.exe (not found)
Check launcher:	C:\Program Files\Microsoft SQL Server\150\Tools\Binn\bin\javaw.exe (not found)
Check launcher:	C:\Gradle\gradle-7.5.1\bin\javaw.exe (not found)
Check launcher:	C:\WINDOWS\system32\bin\javaw.exe (not found)
Check launcher:	C:\WINDOWS\bin\javaw.exe (not found)
Check launcher:	C:\WINDOWS\System32\Wbem\bin\javaw.exe (not found)
Check launcher:	C:\WINDOWS\System32\WindowsPowerShell\v1.0\bin\javaw.exe (not found)
Check launcher:	C:\WINDOWS\System32\OpenSSH\bin\javaw.exe (not found)
Check launcher:	C:\Users\1924h\Downloads\platform-tools_r28.0.2-windows\platform-tools\bin\javaw.exe (not found)
Check launcher:	C:\msys64\mingw64\bin\javaw.exe (not found)
Check launcher:	C:\Users\1924h\OneDrive\Desktop\FDP\vcpkg\bin\javaw.exe (not found)
Check launcher:	C:\Program Files (x86)\Windows Kits\10\Windows Performance Toolkit\bin\javaw.exe (not found)
Check launcher:	C:\Program Files\Calibre2\bin\javaw.exe (not found)
Check launcher:	C:\Program Files\nodejs\bin\javaw.exe (not found)
Check launcher:	C:\Users\1924h\AppData\Local\Android\Sdk\platform-tools\bin\javaw.exe (not found)
Check launcher:	C:\Users\1924h\AppData\Local\Android\Sdk\emulator\bin\javaw.exe (not found)
Check launcher:	C:\Program Files\Java\jre-1.8\bin\javaw.exe (OK)
Version string: 1.008.000_401 / 64-Bit (OK)
Launcher:	C:\Program Files\Java\jre-1.8\bin\javaw.exe
Launcher args:	-jar "C:\Users\1924h\Downloads\nodnet\NodNet.exe"
Args length:	49/32768 chars
Exit code:	0


Version:	3.50
CmdLine:	C:\Users\1924h\Downloads\nodnet\NodNet.exe --l4j-debug
JNI:		No
WOW64:		Yes
Requires JDK:	No
Requires 64-Bit: Yes
Java min ver:	
Java max ver:	
Substitute:	JAVA_HOME = C:\Program Files\Java\jdk-21.0.1
Substitute:	PATH = C:\Program Files (x86)\Common Files\Oracle\Java\javapath;C:\Users\1924h\AppData\Local\Programs\Python\Python312\Scripts\;C:\Users\1924h\AppData\Local\Programs\Python\Python312\;C:\Program Files\Eclipse Adoptium\jdk-17.0.3.7-hotspot\bin;C:\WINDOWS\system32;C:\WINDOWS;C:\WINDOWS\System32\Wbem;C:\WINDOWS\System32\WindowsPowerShell\v1.0\;C:\WINDOWS\System32\OpenSSH\;C:\ProgramData\chocolatey\bin;C:\Program Files\PostgreSQL\13\lib;C:\Program Files\PostgreSQL\13\bin;C:\Program Files\Git\cmd;C:\Program Files\dotnet\;C:\Program Files\Microsoft SQL Server\150\Tools\Binn\;C:\Gradle\gradle-7.5.1\bin;C:\WINDOWS\system32;C:\WINDOWS;C:\WINDOWS\System32\Wbem;C:\WINDOWS\System32\WindowsPowerShell\v1.0\;C:\WINDOWS\System32\OpenSSH\;C:\Users\1924h\Downloads\platform-tools_r28.0.2-windows\platform-tools;C:\msys64\mingw64\bin;C:\Users\1924h\OneDrive\Desktop\FDP\vcpkg;C:\Program Files (x86)\Windows Kits\10\Windows Performance Toolkit\;C:\Program Files\Calibre2\;C:\Program Files\nodejs\;C:\Users\1924h\AppData\Local\Android\Sdk\platform-tools;C:\Users\1924h\AppData\Local\Android\Sdk\emulator;C:\Program Files\Java\jre-1.8\bin;C:\Program Files\Java\jdk-1.8\bin;C:\Users\1924h\AppData\Local\Programs\Python\Python312\Scripts\;C:\Users\1924h\AppData\Local\Programs\Python\Python312\;C:\Users\1924h\.cargo\bin;C:\Users\1924h\AppData\Local\Microsoft\WindowsApps;C:\Users\1924h\AppData\Local\Programs\Microsoft VS Code\bin;C:\flutter_windows_3.3.10-stable\flutter\bin;C:\Program Files\PostgreSQL\13\bin;C:\Program Files\PostgreSQL\13\lib;C:\Users\1924h\AppData\Local\GitHubDesktop\bin;C:\Users\1924h\.dotnet\tools;C:\Program Files (x86)\Nmap;C:\Program Files\PostgreSQL\14\bin;C:\Users\1924h\Downloads\platform-tools_r28.0.2-windows\platform-tools;C:\Users\1924h\AppData\Roaming\npm;C:\Users\1924h\AppData\Local\Programs\MiKTeX\miktex\bin\x64\;C:\Users\1924h\AppData\Local\Pandoc\;C:\Program Files\Java\jre-1.8\bin
JRE paths:	C:\Program Files\Java\jdk-21.0.1;C:\Program Files (x86)\Common Files\Oracle\Java\javapath;C:\Users\1924h\AppData\Local\Programs\Python\Python312\Scripts\;C:\Users\1924h\AppData\Local\Programs\Python\Python312\;C:\Program Files\Eclipse Adoptium\jdk-17.0.3.7-hotspot\bin;C:\WINDOWS\system32;C:\WINDOWS;C:\WINDOWS\System32\Wbem;C:\WINDOWS\System32\WindowsPowerShell\v1.0\;C:\WINDOWS\System32\OpenSSH\;C:\ProgramData\chocolatey\bin;C:\Program Files\PostgreSQL\13\lib;C:\Program Files\PostgreSQL\13\bin;C:\Program Files\Git\cmd;C:\Program Files\dotnet\;C:\Program Files\Microsoft SQL Server\150\Tools\Binn\;C:\Gradle\gradle-7.5.1\bin;C:\WINDOWS\system32;C:\WINDOWS;C:\WINDOWS\System32\Wbem;C:\WINDOWS\System32\WindowsPowerShell\v1.0\;C:\WINDOWS\System32\OpenSSH\;C:\Users\1924h\Downloads\platform-tools_r28.0.2-windows\platform-tools;C:\msys64\mingw64\bin;C:\Users\1924h\OneDrive\Desktop\FDP\vcpkg;C:\Program Files (x86)\Windows Kits\10\Windows Performance Toolkit\;C:\Program Files\Calibre2\;C:\Program Files\nodejs\;C:\Users\1924h\AppData\Local\Android\Sdk\platform-tools;C:\Users\1924h\AppData\Local\Android\Sdk\emulator;C:\Program Files\Java\jre-1.8\bin;C:\Program Files\Java\jdk-1.8\bin;C:\Users\1924h\AppData\Local\Programs\Python\Python312\Scripts\;C:\Users\1924h\AppData\Local\Programs\Python\Python312\;C:\Users\1924h\.cargo\bin;C:\Users\1924h\AppData\Local\Microsoft\WindowsApps;C:\Users\1924h\AppData\Local\Programs\Microsoft VS Code\bin;C:\flutter_windows_3.3.10-stable\flutter\bin;C:\Program Files\PostgreSQL\13\bin;C:\Program Files\PostgreSQL\13\lib;C:\Users\1924h\AppData\Local\GitHubDesktop\bin;C:\Users\1924h\.dotnet\tools;C:\Program Files (x86)\Nmap;C:\Program Files\PostgreSQL\14\bin;C:\Users\1924h\Downloads\platform-tools_r28.0.2-windows\platform-tools;C:\Users\1924h\AppData\Roaming\npm;C:\Users\1924h\AppData\Local\Programs\MiKTeX\miktex\bin\x64\;C:\Users\1924h\AppData\Local\Pandoc\;C:\Program Files\Java\jre-1.8\bin
Check launcher:	C:\Program Files\Java\jdk-21.0.1\bin\javaw.exe (not found)
Check launcher:	C:\Program Files (x86)\Common Files\Oracle\Java\javapath\bin\javaw.exe (not found)
Check launcher:	C:\Users\1924h\AppData\Local\Programs\Python\Python312\Scripts\bin\javaw.exe (not found)
Check launcher:	C:\Users\1924h\AppData\Local\Programs\Python\Python312\bin\javaw.exe (not found)
Check launcher:	C:\Program Files\Eclipse Adoptium\jdk-17.0.3.7-hotspot\bin\javaw.exe (not found)
Check launcher:	C:\WINDOWS\system32\bin\javaw.exe (not found)
Check launcher:	C:\WINDOWS\bin\javaw.exe (not found)
Check launcher:	C:\WINDOWS\System32\Wbem\bin\javaw.exe (not found)
Check launcher:	C:\WINDOWS\System32\WindowsPowerShell\v1.0\bin\javaw.exe (not found)
Check launcher:	C:\WINDOWS\System32\OpenSSH\bin\javaw.exe (not found)
Check launcher:	C:\ProgramData\chocolatey\bin\javaw.exe (not found)
Check launcher:	C:\Program Files\PostgreSQL\13\lib\bin\javaw.exe (not found)
Check launcher:	C:\Program Files\PostgreSQL\13\bin\javaw.exe (not found)
Check launcher:	C:\Program Files\Git\cmd\bin\javaw.exe (not found)
Check launcher:	C:\Program Files\dotnet\bin\javaw.exe (not found)
Check launcher:	C:\Program Files\Microsoft SQL Server\150\Tools\Binn\bin\javaw.exe (not found)
Check launcher:	C:\Gradle\gradle-7.5.1\bin\javaw.exe (not found)
Check launcher:	C:\WINDOWS\system32\bin\javaw.exe (not found)
Check launcher:	C:\WINDOWS\bin\javaw.exe (not found)
Check launcher:	C:\WINDOWS\System32\Wbem\bin\javaw.exe (not found)
Check launcher:	C:\WINDOWS\System32\WindowsPowerShell\v1.0\bin\javaw.exe (not found)
Check launcher:	C:\WINDOWS\System32\OpenSSH\bin\javaw.exe (not found)
Check launcher:	C:\Users\1924h\Downloads\platform-tools_r28.0.2-windows\platform-tools\bin\javaw.exe (not found)
Check launcher:	C:\msys64\mingw64\bin\javaw.exe (not found)
Check launcher:	C:\Users\1924h\OneDrive\Desktop\FDP\vcpkg\bin\javaw.exe (not found)
Check launcher:	C:\Program Files (x86)\Windows Kits\10\Windows Performance Toolkit\bin\javaw.exe (not found)
Check launcher:	C:\Program Files\Calibre2\bin\javaw.exe (not found)
Check launcher:	C:\Program Files\nodejs\bin\javaw.exe (not found)
Check launcher:	C:\Users\1924h\AppData\Local\Android\Sdk\platform-tools\bin\javaw.exe (not found)
Check launcher:	C:\Users\1924h\AppData\Local\Android\Sdk\emulator\bin\javaw.exe (not found)
Check launcher:	C:\Program Files\Java\jre-1.8\bin\javaw.exe (OK)
Version string: 1.008.000_401 / 64-Bit (OK)
Launcher:	C:\Program Files\Java\jre-1.8\bin\javaw.exe
Launcher args:	-jar "C:\Users\1924h\Downloads\nodnet\NodNet.exe"
Args length:	49/32768 chars
Exit code:	0


Version:	3.50
CmdLine:	C:\Users\1924h\Downloads\nodnet\NodNet.exe --l4j-debug
JNI:		No
WOW64:		Yes
Requires JDK:	No
Requires 64-Bit: Yes
Java min ver:	
Java max ver:	
Substitute:	JAVA_HOME = C:\Program Files\Java\jdk-21.0.1
Substitute:	PATH = C:\Program Files (x86)\Common Files\Oracle\Java\javapath;C:\Users\1924h\AppData\Local\Programs\Python\Python312\Scripts\;C:\Users\1924h\AppData\Local\Programs\Python\Python312\;C:\Program Files\Eclipse Adoptium\jdk-17.0.3.7-hotspot\bin;C:\WINDOWS\system32;C:\WINDOWS;C:\WINDOWS\System32\Wbem;C:\WINDOWS\System32\WindowsPowerShell\v1.0\;C:\WINDOWS\System32\OpenSSH\;C:\ProgramData\chocolatey\bin;C:\Program Files\PostgreSQL\13\lib;C:\Program Files\PostgreSQL\13\bin;C:\Program Files\Git\cmd;C:\Program Files\dotnet\;C:\Program Files\Microsoft SQL Server\150\Tools\Binn\;C:\Gradle\gradle-7.5.1\bin;C:\WINDOWS\system32;C:\WINDOWS;C:\WINDOWS\System32\Wbem;C:\WINDOWS\System32\WindowsPowerShell\v1.0\;C:\WINDOWS\System32\OpenSSH\;C:\Users\1924h\Downloads\platform-tools_r28.0.2-windows\platform-tools;C:\msys64\mingw64\bin;C:\Users\1924h\OneDrive\Desktop\FDP\vcpkg;C:\Program Files (x86)\Windows Kits\10\Windows Performance Toolkit\;C:\Program Files\Calibre2\;C:\Program Files\nodejs\;C:\Users\1924h\AppData\Local\Android\Sdk\platform-tools;C:\Users\1924h\AppData\Local\Android\Sdk\emulator;C:\Program Files\Java\jre-1.8\bin;C:\Program Files\Java\jdk-1.8\bin;C:\Users\1924h\AppData\Local\Programs\Python\Python312\Scripts\;C:\Users\1924h\AppData\Local\Programs\Python\Python312\;C:\Users\1924h\.cargo\bin;C:\Users\1924h\AppData\Local\Microsoft\WindowsApps;C:\Users\1924h\AppData\Local\Programs\Microsoft VS Code\bin;C:\flutter_windows_3.3.10-stable\flutter\bin;C:\Program Files\PostgreSQL\13\bin;C:\Program Files\PostgreSQL\13\lib;C:\Users\1924h\AppData\Local\GitHubDesktop\bin;C:\Users\1924h\.dotnet\tools;C:\Program Files (x86)\Nmap;C:\Program Files\PostgreSQL\14\bin;C:\Users\1924h\Downloads\platform-tools_r28.0.2-windows\platform-tools;C:\Users\1924h\AppData\Roaming\npm;C:\Users\1924h\AppData\Local\Programs\MiKTeX\miktex\bin\x64\;C:\Users\1924h\AppData\Local\Pandoc\;C:\Program Files\Java\jre-1.8\bin
JRE paths:	C:\Program Files\Java\jdk-21.0.1;C:\Program Files (x86)\Common Files\Oracle\Java\javapath;C:\Users\1924h\AppData\Local\Programs\Python\Python312\Scripts\;C:\Users\1924h\AppData\Local\Programs\Python\Python312\;C:\Program Files\Eclipse Adoptium\jdk-17.0.3.7-hotspot\bin;C:\WINDOWS\system32;C:\WINDOWS;C:\WINDOWS\System32\Wbem;C:\WINDOWS\System32\WindowsPowerShell\v1.0\;C:\WINDOWS\System32\OpenSSH\;C:\ProgramData\chocolatey\bin;C:\Program Files\PostgreSQL\13\lib;C:\Program Files\PostgreSQL\13\bin;C:\Program Files\Git\cmd;C:\Program Files\dotnet\;C:\Program Files\Microsoft SQL Server\150\Tools\Binn\;C:\Gradle\gradle-7.5.1\bin;C:\WINDOWS\system32;C:\WINDOWS;C:\WINDOWS\System32\Wbem;C:\WINDOWS\System32\WindowsPowerShell\v1.0\;C:\WINDOWS\System32\OpenSSH\;C:\Users\1924h\Downloads\platform-tools_r28.0.2-windows\platform-tools;C:\msys64\mingw64\bin;C:\Users\1924h\OneDrive\Desktop\FDP\vcpkg;C:\Program Files (x86)\Windows Kits\10\Windows Performance Toolkit\;C:\Program Files\Calibre2\;C:\Program Files\nodejs\;C:\Users\1924h\AppData\Local\Android\Sdk\platform-tools;C:\Users\1924h\AppData\Local\Android\Sdk\emulator;C:\Program Files\Java\jre-1.8\bin;C:\Program Files\Java\jdk-1.8\bin;C:\Users\1924h\AppData\Local\Programs\Python\Python312\Scripts\;C:\Users\1924h\AppData\Local\Programs\Python\Python312\;C:\Users\1924h\.cargo\bin;C:\Users\1924h\AppData\Local\Microsoft\WindowsApps;C:\Users\1924h\AppData\Local\Programs\Microsoft VS Code\bin;C:\flutter_windows_3.3.10-stable\flutter\bin;C:\Program Files\PostgreSQL\13\bin;C:\Program Files\PostgreSQL\13\lib;C:\Users\1924h\AppData\Local\GitHubDesktop\bin;C:\Users\1924h\.dotnet\tools;C:\Program Files (x86)\Nmap;C:\Program Files\PostgreSQL\14\bin;C:\Users\1924h\Downloads\platform-tools_r28.0.2-windows\platform-tools;C:\Users\1924h\AppData\Roaming\npm;C:\Users\1924h\AppData\Local\Programs\MiKTeX\miktex\bin\x64\;C:\Users\1924h\AppData\Local\Pandoc\;C:\Program Files\Java\jre-1.8\bin
Check launcher:	C:\Program Files\Java\jdk-21.0.1\bin\javaw.exe (not found)
Check launcher:	C:\Program Files (x86)\Common Files\Oracle\Java\javapath\bin\javaw.exe (not found)
Check launcher:	C:\Users\1924h\AppData\Local\Programs\Python\Python312\Scripts\bin\javaw.exe (not found)
Check launcher:	C:\Users\1924h\AppData\Local\Programs\Python\Python312\bin\javaw.exe (not found)
Check launcher:	C:\Program Files\Eclipse Adoptium\jdk-17.0.3.7-hotspot\bin\javaw.exe (not found)
Check launcher:	C:\WINDOWS\system32\bin\javaw.exe (not found)
Check launcher:	C:\WINDOWS\bin\javaw.exe (not found)
Check launcher:	C:\WINDOWS\System32\Wbem\bin\javaw.exe (not found)
Check launcher:	C:\WINDOWS\System32\WindowsPowerShell\v1.0\bin\javaw.exe (not found)
Check launcher:	C:\WINDOWS\System32\OpenSSH\bin\javaw.exe (not found)
Check launcher:	C:\ProgramData\chocolatey\bin\javaw.exe (not found)
Check launcher:	C:\Program Files\PostgreSQL\13\lib\bin\javaw.exe (not found)
Check launcher:	C:\Program Files\PostgreSQL\13\bin\javaw.exe (not found)
Check launcher:	C:\Program Files\Git\cmd\bin\javaw.exe (not found)
Check launcher:	C:\Program Files\dotnet\bin\javaw.exe (not found)
Check launcher:	C:\Program Files\Microsoft SQL Server\150\Tools\Binn\bin\javaw.exe (not found)
Check launcher:	C:\Gradle\gradle-7.5.1\bin\javaw.exe (not found)
Check launcher:	C:\WINDOWS\system32\bin\javaw.exe (not found)
Check launcher:	C:\WINDOWS\bin\javaw.exe (not found)
Check launcher:	C:\WINDOWS\System32\Wbem\bin\javaw.exe (not found)
Check launcher:	C:\WINDOWS\System32\WindowsPowerShell\v1.0\bin\javaw.exe (not found)
Check launcher:	C:\WINDOWS\System32\OpenSSH\bin\javaw.exe (not found)
Check launcher:	C:\Users\1924h\Downloads\platform-tools_r28.0.2-windows\platform-tools\bin\javaw.exe (not found)
Check launcher:	C:\msys64\mingw64\bin\javaw.exe (not found)
Check launcher:	C:\Users\1924h\OneDrive\Desktop\FDP\vcpkg\bin\javaw.exe (not found)
Check launcher:	C:\Program Files (x86)\Windows Kits\10\Windows Performance Toolkit\bin\javaw.exe (not found)
Check launcher:	C:\Program Files\Calibre2\bin\javaw.exe (not found)
Check launcher:	C:\Program Files\nodejs\bin\javaw.exe (not found)
Check launcher:	C:\Users\1924h\AppData\Local\Android\Sdk\platform-tools\bin\javaw.exe (not found)
Check launcher:	C:\Users\1924h\AppData\Local\Android\Sdk\emulator\bin\javaw.exe (not found)
Check launcher:	C:\Program Files\Java\jre-1.8\bin\javaw.exe (OK)
Version string: 1.008.000_401 / 64-Bit (OK)
Launcher:	C:\Program Files\Java\jre-1.8\bin\javaw.exe
Launcher args:	-jar "C:\Users\1924h\Downloads\nodnet\NodNet.exe"
Args length:	49/32768 chars
Exit code:	1


Version:	3.50
CmdLine:	C:\Users\1924h\Downloads\nodnet\NodNet.exe --l4j-debug
JNI:		No
WOW64:		Yes
Requires JDK:	No
Requires 64-Bit: Yes
Java min ver:	
Java max ver:	
Substitute:	JAVA_HOME = C:\Program Files\Java\jdk-21.0.1
Substitute:	PATH = C:\Program Files (x86)\Common Files\Oracle\Java\javapath;C:\Users\1924h\AppData\Local\Programs\Python\Python312\Scripts\;C:\Users\1924h\AppData\Local\Programs\Python\Python312\;C:\Program Files\Eclipse Adoptium\jdk-17.0.3.7-hotspot\bin;C:\WINDOWS\system32;C:\WINDOWS;C:\WINDOWS\System32\Wbem;C:\WINDOWS\System32\WindowsPowerShell\v1.0\;C:\WINDOWS\System32\OpenSSH\;C:\ProgramData\chocolatey\bin;C:\Program Files\PostgreSQL\13\lib;C:\Program Files\PostgreSQL\13\bin;C:\Program Files\Git\cmd;C:\Program Files\dotnet\;C:\Program Files\Microsoft SQL Server\150\Tools\Binn\;C:\Gradle\gradle-7.5.1\bin;C:\WINDOWS\system32;C:\WINDOWS;C:\WINDOWS\System32\Wbem;C:\WINDOWS\System32\WindowsPowerShell\v1.0\;C:\WINDOWS\System32\OpenSSH\;C:\Users\1924h\Downloads\platform-tools_r28.0.2-windows\platform-tools;C:\msys64\mingw64\bin;C:\Users\1924h\OneDrive\Desktop\FDP\vcpkg;C:\Program Files (x86)\Windows Kits\10\Windows Performance Toolkit\;C:\Program Files\Calibre2\;C:\Program Files\nodejs\;C:\Users\1924h\AppData\Local\Android\Sdk\platform-tools;C:\Users\1924h\AppData\Local\Android\Sdk\emulator;C:\Program Files\Java\jre-1.8\bin;C:\Program Files\Java\jdk-1.8\bin;C:\Users\1924h\AppData\Local\Programs\Python\Python312\Scripts\;C:\Users\1924h\AppData\Local\Programs\Python\Python312\;C:\Users\1924h\.cargo\bin;C:\Users\1924h\AppData\Local\Microsoft\WindowsApps;C:\Users\1924h\AppData\Local\Programs\Microsoft VS Code\bin;C:\flutter_windows_3.3.10-stable\flutter\bin;C:\Program Files\PostgreSQL\13\bin;C:\Program Files\PostgreSQL\13\lib;C:\Users\1924h\AppData\Local\GitHubDesktop\bin;C:\Users\1924h\.dotnet\tools;C:\Program Files (x86)\Nmap;C:\Program Files\PostgreSQL\14\bin;C:\Users\1924h\Downloads\platform-tools_r28.0.2-windows\platform-tools;C:\Users\1924h\AppData\Roaming\npm;C:\Users\1924h\AppData\Local\Programs\MiKTeX\miktex\bin\x64\;C:\Users\1924h\AppData\Local\Pandoc\;C:\Program Files\Java\jre-1.8\bin
JRE paths:	C:\Program Files\Java\jdk-21.0.1;C:\Program Files (x86)\Common Files\Oracle\Java\javapath;C:\Users\1924h\AppData\Local\Programs\Python\Python312\Scripts\;C:\Users\1924h\AppData\Local\Programs\Python\Python312\;C:\Program Files\Eclipse Adoptium\jdk-17.0.3.7-hotspot\bin;C:\WINDOWS\system32;C:\WINDOWS;C:\WINDOWS\System32\Wbem;C:\WINDOWS\System32\WindowsPowerShell\v1.0\;C:\WINDOWS\System32\OpenSSH\;C:\ProgramData\chocolatey\bin;C:\Program Files\PostgreSQL\13\lib;C:\Program Files\PostgreSQL\13\bin;C:\Program Files\Git\cmd;C:\Program Files\dotnet\;C:\Program Files\Microsoft SQL Server\150\Tools\Binn\;C:\Gradle\gradle-7.5.1\bin;C:\WINDOWS\system32;C:\WINDOWS;C:\WINDOWS\System32\Wbem;C:\WINDOWS\System32\WindowsPowerShell\v1.0\;C:\WINDOWS\System32\OpenSSH\;C:\Users\1924h\Downloads\platform-tools_r28.0.2-windows\platform-tools;C:\msys64\mingw64\bin;C:\Users\1924h\OneDrive\Desktop\FDP\vcpkg;C:\Program Files (x86)\Windows Kits\10\Windows Performance Toolkit\;C:\Program Files\Calibre2\;C:\Program Files\nodejs\;C:\Users\1924h\AppData\Local\Android\Sdk\platform-tools;C:\Users\1924h\AppData\Local\Android\Sdk\emulator;C:\Program Files\Java\jre-1.8\bin;C:\Program Files\Java\jdk-1.8\bin;C:\Users\1924h\AppData\Local\Programs\Python\Python312\Scripts\;C:\Users\1924h\AppData\Local\Programs\Python\Python312\;C:\Users\1924h\.cargo\bin;C:\Users\1924h\AppData\Local\Microsoft\WindowsApps;C:\Users\1924h\AppData\Local\Programs\Microsoft VS Code\bin;C:\flutter_windows_3.3.10-stable\flutter\bin;C:\Program Files\PostgreSQL\13\bin;C:\Program Files\PostgreSQL\13\lib;C:\Users\1924h\AppData\Local\GitHubDesktop\bin;C:\Users\1924h\.dotnet\tools;C:\Program Files (x86)\Nmap;C:\Program Files\PostgreSQL\14\bin;C:\Users\1924h\Downloads\platform-tools_r28.0.2-windows\platform-tools;C:\Users\1924h\AppData\Roaming\npm;C:\Users\1924h\AppData\Local\Programs\MiKTeX\miktex\bin\x64\;C:\Users\1924h\AppData\Local\Pandoc\;C:\Program Files\Java\jre-1.8\bin
Check launcher:	C:\Program Files\Java\jdk-21.0.1\bin\javaw.exe (not found)
Check launcher:	C:\Program Files (x86)\Common Files\Oracle\Java\javapath\bin\javaw.exe (not found)
Check launcher:	C:\Users\1924h\AppData\Local\Programs\Python\Python312\Scripts\bin\javaw.exe (not found)
Check launcher:	C:\Users\1924h\AppData\Local\Programs\Python\Python312\bin\javaw.exe (not found)
Check launcher:	C:\Program Files\Eclipse Adoptium\jdk-17.0.3.7-hotspot\bin\javaw.exe (not found)
Check launcher:	C:\WINDOWS\system32\bin\javaw.exe (not found)
Check launcher:	C:\WINDOWS\bin\javaw.exe (not found)
Check launcher:	C:\WINDOWS\System32\Wbem\bin\javaw.exe (not found)
Check launcher:	C:\WINDOWS\System32\WindowsPowerShell\v1.0\bin\javaw.exe (not found)
Check launcher:	C:\WINDOWS\System32\OpenSSH\bin\javaw.exe (not found)
Check launcher:	C:\ProgramData\chocolatey\bin\javaw.exe (not found)
Check launcher:	C:\Program Files\PostgreSQL\13\lib\bin\javaw.exe (not found)
Check launcher:	C:\Program Files\PostgreSQL\13\bin\javaw.exe (not found)
Check launcher:	C:\Program Files\Git\cmd\bin\javaw.exe (not found)
Check launcher:	C:\Program Files\dotnet\bin\javaw.exe (not found)
Check launcher:	C:\Program Files\Microsoft SQL Server\150\Tools\Binn\bin\javaw.exe (not found)
Check launcher:	C:\Gradle\gradle-7.5.1\bin\javaw.exe (not found)
Check launcher:	C:\WINDOWS\system32\bin\javaw.exe (not found)
Check launcher:	C:\WINDOWS\bin\javaw.exe (not found)
Check launcher:	C:\WINDOWS\System32\Wbem\bin\javaw.exe (not found)
Check launcher:	C:\WINDOWS\System32\WindowsPowerShell\v1.0\bin\javaw.exe (not found)
Check launcher:	C:\WINDOWS\System32\OpenSSH\bin\javaw.exe (not found)
Check launcher:	C:\Users\1924h\Downloads\platform-tools_r28.0.2-windows\platform-tools\bin\javaw.exe (not found)
Check launcher:	C:\msys64\mingw64\bin\javaw.exe (not found)
Check launcher:	C:\Users\1924h\OneDrive\Desktop\FDP\vcpkg\bin\javaw.exe (not found)
Check launcher:	C:\Program Files (x86)\Windows Kits\10\Windows Performance Toolkit\bin\javaw.exe (not found)
Check launcher:	C:\Program Files\Calibre2\bin\javaw.exe (not found)
Check launcher:	C:\Program Files\nodejs\bin\javaw.exe (not found)
Check launcher:	C:\Users\1924h\AppData\Local\Android\Sdk\platform-tools\bin\javaw.exe (not found)
Check launcher:	C:\Users\1924h\AppData\Local\Android\Sdk\emulator\bin\javaw.exe (not found)
Check launcher:	C:\Program Files\Java\jre-1.8\bin\javaw.exe (OK)
Version string: 1.008.000_401 / 64-Bit (OK)
Launcher:	C:\Program Files\Java\jre-1.8\bin\javaw.exe
Launcher args:	-jar "C:\Users\1924h\Downloads\nodnet\NodNet.exe"
Args length:	49/32768 chars
Exit code:	1


Version:	3.50
CmdLine:	C:\Users\1924h\Downloads\nodnet\NodNet.exe --l4j-debug
JNI:		No
WOW64:		Yes
Requires JDK:	No
Requires 64-Bit: Yes
Java min ver:	
Java max ver:	
Substitute:	JAVA_HOME = C:\Program Files\Java\jdk-21.0.1
Substitute:	PATH = C:\Program Files (x86)\Common Files\Oracle\Java\javapath;C:\Users\1924h\AppData\Local\Programs\Python\Python312\Scripts\;C:\Users\1924h\AppData\Local\Programs\Python\Python312\;C:\Program Files\Eclipse Adoptium\jdk-17.0.3.7-hotspot\bin;C:\WINDOWS\system32;C:\WINDOWS;C:\WINDOWS\System32\Wbem;C:\WINDOWS\System32\WindowsPowerShell\v1.0\;C:\WINDOWS\System32\OpenSSH\;C:\ProgramData\chocolatey\bin;C:\Program Files\PostgreSQL\13\lib;C:\Program Files\PostgreSQL\13\bin;C:\Program Files\Git\cmd;C:\Program Files\dotnet\;C:\Program Files\Microsoft SQL Server\150\Tools\Binn\;C:\Gradle\gradle-7.5.1\bin;C:\WINDOWS\system32;C:\WINDOWS;C:\WINDOWS\System32\Wbem;C:\WINDOWS\System32\WindowsPowerShell\v1.0\;C:\WINDOWS\System32\OpenSSH\;C:\Users\1924h\Downloads\platform-tools_r28.0.2-windows\platform-tools;C:\msys64\mingw64\bin;C:\Users\1924h\OneDrive\Desktop\FDP\vcpkg;C:\Program Files (x86)\Windows Kits\10\Windows Performance Toolkit\;C:\Program Files\Calibre2\;C:\Program Files\nodejs\;C:\Users\1924h\AppData\Local\Android\Sdk\platform-tools;C:\Users\1924h\AppData\Local\Android\Sdk\emulator;C:\Program Files\Java\jre-1.8\bin;C:\Program Files\Java\jdk-1.8\bin;C:\Users\1924h\AppData\Local\Programs\Python\Python312\Scripts\;C:\Users\1924h\AppData\Local\Programs\Python\Python312\;C:\Users\1924h\.cargo\bin;C:\Users\1924h\AppData\Local\Microsoft\WindowsApps;C:\Users\1924h\AppData\Local\Programs\Microsoft VS Code\bin;C:\flutter_windows_3.3.10-stable\flutter\bin;C:\Program Files\PostgreSQL\13\bin;C:\Program Files\PostgreSQL\13\lib;C:\Users\1924h\AppData\Local\GitHubDesktop\bin;C:\Users\1924h\.dotnet\tools;C:\Program Files (x86)\Nmap;C:\Program Files\PostgreSQL\14\bin;C:\Users\1924h\Downloads\platform-tools_r28.0.2-windows\platform-tools;C:\Users\1924h\AppData\Roaming\npm;C:\Users\1924h\AppData\Local\Programs\MiKTeX\miktex\bin\x64\;C:\Users\1924h\AppData\Local\Pandoc\;C:\Program Files\Java\jre-1.8\bin
JRE paths:	C:\Program Files\Java\jdk-21.0.1;C:\Program Files (x86)\Common Files\Oracle\Java\javapath;C:\Users\1924h\AppData\Local\Programs\Python\Python312\Scripts\;C:\Users\1924h\AppData\Local\Programs\Python\Python312\;C:\Program Files\Eclipse Adoptium\jdk-17.0.3.7-hotspot\bin;C:\WINDOWS\system32;C:\WINDOWS;C:\WINDOWS\System32\Wbem;C:\WINDOWS\System32\WindowsPowerShell\v1.0\;C:\WINDOWS\System32\OpenSSH\;C:\ProgramData\chocolatey\bin;C:\Program Files\PostgreSQL\13\lib;C:\Program Files\PostgreSQL\13\bin;C:\Program Files\Git\cmd;C:\Program Files\dotnet\;C:\Program Files\Microsoft SQL Server\150\Tools\Binn\;C:\Gradle\gradle-7.5.1\bin;C:\WINDOWS\system32;C:\WINDOWS;C:\WINDOWS\System32\Wbem;C:\WINDOWS\System32\WindowsPowerShell\v1.0\;C:\WINDOWS\System32\OpenSSH\;C:\Users\1924h\Downloads\platform-tools_r28.0.2-windows\platform-tools;C:\msys64\mingw64\bin;C:\Users\1924h\OneDrive\Desktop\FDP\vcpkg;C:\Program Files (x86)\Windows Kits\10\Windows Performance Toolkit\;C:\Program Files\Calibre2\;C:\Program Files\nodejs\;C:\Users\1924h\AppData\Local\Android\Sdk\platform-tools;C:\Users\1924h\AppData\Local\Android\Sdk\emulator;C:\Program Files\Java\jre-1.8\bin;C:\Program Files\Java\jdk-1.8\bin;C:\Users\1924h\AppData\Local\Programs\Python\Python312\Scripts\;C:\Users\1924h\AppData\Local\Programs\Python\Python312\;C:\Users\1924h\.cargo\bin;C:\Users\1924h\AppData\Local\Microsoft\WindowsApps;C:\Users\1924h\AppData\Local\Programs\Microsoft VS Code\bin;C:\flutter_windows_3.3.10-stable\flutter\bin;C:\Program Files\PostgreSQL\13\bin;C:\Program Files\PostgreSQL\13\lib;C:\Users\1924h\AppData\Local\GitHubDesktop\bin;C:\Users\1924h\.dotnet\tools;C:\Program Files (x86)\Nmap;C:\Program Files\PostgreSQL\14\bin;C:\Users\1924h\Downloads\platform-tools_r28.0.2-windows\platform-tools;C:\Users\1924h\AppData\Roaming\npm;C:\Users\1924h\AppData\Local\Programs\MiKTeX\miktex\bin\x64\;C:\Users\1924h\AppData\Local\Pandoc\;C:\Program Files\Java\jre-1.8\bin
Check launcher:	C:\Program Files\Java\jdk-21.0.1\bin\javaw.exe (not found)
Check launcher:	C:\Program Files (x86)\Common Files\Oracle\Java\javapath\bin\javaw.exe (not found)
Check launcher:	C:\Users\1924h\AppData\Local\Programs\Python\Python312\Scripts\bin\javaw.exe (not found)
Check launcher:	C:\Users\1924h\AppData\Local\Programs\Python\Python312\bin\javaw.exe (not found)
Check launcher:	C:\Program Files\Eclipse Adoptium\jdk-17.0.3.7-hotspot\bin\javaw.exe (not found)
Check launcher:	C:\WINDOWS\system32\bin\javaw.exe (not found)
Check launcher:	C:\WINDOWS\bin\javaw.exe (not found)
Check launcher:	C:\WINDOWS\System32\Wbem\bin\javaw.exe (not found)
Check launcher:	C:\WINDOWS\System32\WindowsPowerShell\v1.0\bin\javaw.exe (not found)
Check launcher:	C:\WINDOWS\System32\OpenSSH\bin\javaw.exe (not found)
Check launcher:	C:\ProgramData\chocolatey\bin\javaw.exe (not found)
Check launcher:	C:\Program Files\PostgreSQL\13\lib\bin\javaw.exe (not found)
Check launcher:	C:\Program Files\PostgreSQL\13\bin\javaw.exe (not found)
Check launcher:	C:\Program Files\Git\cmd\bin\javaw.exe (not found)
Check launcher:	C:\Program Files\dotnet\bin\javaw.exe (not found)
Check launcher:	C:\Program Files\Microsoft SQL Server\150\Tools\Binn\bin\javaw.exe (not found)
Check launcher:	C:\Gradle\gradle-7.5.1\bin\javaw.exe (not found)
Check launcher:	C:\WINDOWS\system32\bin\javaw.exe (not found)
Check launcher:	C:\WINDOWS\bin\javaw.exe (not found)
Check launcher:	C:\WINDOWS\System32\Wbem\bin\javaw.exe (not found)
Check launcher:	C:\WINDOWS\System32\WindowsPowerShell\v1.0\bin\javaw.exe (not found)
Check launcher:	C:\WINDOWS\System32\OpenSSH\bin\javaw.exe (not found)
Check launcher:	C:\Users\1924h\Downloads\platform-tools_r28.0.2-windows\platform-tools\bin\javaw.exe (not found)
Check launcher:	C:\msys64\mingw64\bin\javaw.exe (not found)
Check launcher:	C:\Users\1924h\OneDrive\Desktop\FDP\vcpkg\bin\javaw.exe (not found)
Check launcher:	C:\Program Files (x86)\Windows Kits\10\Windows Performance Toolkit\bin\javaw.exe (not found)
Check launcher:	C:\Program Files\Calibre2\bin\javaw.exe (not found)
Check launcher:	C:\Program Files\nodejs\bin\javaw.exe (not found)
Check launcher:	C:\Users\1924h\AppData\Local\Android\Sdk\platform-tools\bin\javaw.exe (not found)
Check launcher:	C:\Users\1924h\AppData\Local\Android\Sdk\emulator\bin\javaw.exe (not found)
Check launcher:	C:\Program Files\Java\jre-1.8\bin\javaw.exe (OK)
Version string: 1.008.000_401 / 64-Bit (OK)
Launcher:	C:\Program Files\Java\jre-1.8\bin\javaw.exe
Launcher args:	-jar "C:\Users\1924h\Downloads\nodnet\NodNet.exe"
Args length:	49/32768 chars
Exit code:	1


Version:	3.50
CmdLine:	C:\Users\1924h\Downloads\nodnet\NodNet.exe --l4j-debug
JNI:		No
WOW64:		Yes
Requires JDK:	No
Requires 64-Bit: Yes
Java min ver:	
Java max ver:	
Substitute:	JAVA_HOME = C:\Program Files\Java\jdk-21.0.1
Substitute:	PATH = C:\Program Files (x86)\Common Files\Oracle\Java\javapath;C:\Users\1924h\AppData\Local\Programs\Python\Python312\Scripts\;C:\Users\1924h\AppData\Local\Programs\Python\Python312\;C:\Program Files\Eclipse Adoptium\jdk-17.0.3.7-hotspot\bin;C:\WINDOWS\system32;C:\WINDOWS;C:\WINDOWS\System32\Wbem;C:\WINDOWS\System32\WindowsPowerShell\v1.0\;C:\WINDOWS\System32\OpenSSH\;C:\ProgramData\chocolatey\bin;C:\Program Files\PostgreSQL\13\lib;C:\Program Files\PostgreSQL\13\bin;C:\Program Files\Git\cmd;C:\Program Files\dotnet\;C:\Program Files\Microsoft SQL Server\150\Tools\Binn\;C:\Gradle\gradle-7.5.1\bin;C:\WINDOWS\system32;C:\WINDOWS;C:\WINDOWS\System32\Wbem;C:\WINDOWS\System32\WindowsPowerShell\v1.0\;C:\WINDOWS\System32\OpenSSH\;C:\Users\1924h\Downloads\platform-tools_r28.0.2-windows\platform-tools;C:\msys64\mingw64\bin;C:\Users\1924h\OneDrive\Desktop\FDP\vcpkg;C:\Program Files (x86)\Windows Kits\10\Windows Performance Toolkit\;C:\Program Files\Calibre2\;C:\Program Files\nodejs\;C:\Users\1924h\AppData\Local\Android\Sdk\platform-tools;C:\Users\1924h\AppData\Local\Android\Sdk\emulator;C:\Program Files\Java\jre-1.8\bin;C:\Program Files\Java\jdk-1.8\bin;C:\Users\1924h\AppData\Local\Programs\Python\Python312\Scripts\;C:\Users\1924h\AppData\Local\Programs\Python\Python312\;C:\Users\1924h\.cargo\bin;C:\Users\1924h\AppData\Local\Microsoft\WindowsApps;C:\Users\1924h\AppData\Local\Programs\Microsoft VS Code\bin;C:\flutter_windows_3.3.10-stable\flutter\bin;C:\Program Files\PostgreSQL\13\bin;C:\Program Files\PostgreSQL\13\lib;C:\Users\1924h\AppData\Local\GitHubDesktop\bin;C:\Users\1924h\.dotnet\tools;C:\Program Files (x86)\Nmap;C:\Program Files\PostgreSQL\14\bin;C:\Users\1924h\Downloads\platform-tools_r28.0.2-windows\platform-tools;C:\Users\1924h\AppData\Roaming\npm;C:\Users\1924h\AppData\Local\Programs\MiKTeX\miktex\bin\x64\;C:\Users\1924h\AppData\Local\Pandoc\;C:\Program Files\Java\jre-1.8\bin
JRE paths:	C:\Program Files\Java\jdk-21.0.1;C:\Program Files (x86)\Common Files\Oracle\Java\javapath;C:\Users\1924h\AppData\Local\Programs\Python\Python312\Scripts\;C:\Users\1924h\AppData\Local\Programs\Python\Python312\;C:\Program Files\Eclipse Adoptium\jdk-17.0.3.7-hotspot\bin;C:\WINDOWS\system32;C:\WINDOWS;C:\WINDOWS\System32\Wbem;C:\WINDOWS\System32\WindowsPowerShell\v1.0\;C:\WINDOWS\System32\OpenSSH\;C:\ProgramData\chocolatey\bin;C:\Program Files\PostgreSQL\13\lib;C:\Program Files\PostgreSQL\13\bin;C:\Program Files\Git\cmd;C:\Program Files\dotnet\;C:\Program Files\Microsoft SQL Server\150\Tools\Binn\;C:\Gradle\gradle-7.5.1\bin;C:\WINDOWS\system32;C:\WINDOWS;C:\WINDOWS\System32\Wbem;C:\WINDOWS\System32\WindowsPowerShell\v1.0\;C:\WINDOWS\System32\OpenSSH\;C:\Users\1924h\Downloads\platform-tools_r28.0.2-windows\platform-tools;C:\msys64\mingw64\bin;C:\Users\1924h\OneDrive\Desktop\FDP\vcpkg;C:\Program Files (x86)\Windows Kits\10\Windows Performance Toolkit\;C:\Program Files\Calibre2\;C:\Program Files\nodejs\;C:\Users\1924h\AppData\Local\Android\Sdk\platform-tools;C:\Users\1924h\AppData\Local\Android\Sdk\emulator;C:\Program Files\Java\jre-1.8\bin;C:\Program Files\Java\jdk-1.8\bin;C:\Users\1924h\AppData\Local\Programs\Python\Python312\Scripts\;C:\Users\1924h\AppData\Local\Programs\Python\Python312\;C:\Users\1924h\.cargo\bin;C:\Users\1924h\AppData\Local\Microsoft\WindowsApps;C:\Users\1924h\AppData\Local\Programs\Microsoft VS Code\bin;C:\flutter_windows_3.3.10-stable\flutter\bin;C:\Program Files\PostgreSQL\13\bin;C:\Program Files\PostgreSQL\13\lib;C:\Users\1924h\AppData\Local\GitHubDesktop\bin;C:\Users\1924h\.dotnet\tools;C:\Program Files (x86)\Nmap;C:\Program Files\PostgreSQL\14\bin;C:\Users\1924h\Downloads\platform-tools_r28.0.2-windows\platform-tools;C:\Users\1924h\AppData\Roaming\npm;C:\Users\1924h\AppData\Local\Programs\MiKTeX\miktex\bin\x64\;C:\Users\1924h\AppData\Local\Pandoc\;C:\Program Files\Java\jre-1.8\bin
Check launcher:	C:\Program Files\Java\jdk-21.0.1\bin\javaw.exe (not found)
Check launcher:	C:\Program Files (x86)\Common Files\Oracle\Java\javapath\bin\javaw.exe (not found)
Check launcher:	C:\Users\1924h\AppData\Local\Programs\Python\Python312\Scripts\bin\javaw.exe (not found)
Check launcher:	C:\Users\1924h\AppData\Local\Programs\Python\Python312\bin\javaw.exe (not found)
Check launcher:	C:\Program Files\Eclipse Adoptium\jdk-17.0.3.7-hotspot\bin\javaw.exe (not found)
Check launcher:	C:\WINDOWS\system32\bin\javaw.exe (not found)
Check launcher:	C:\WINDOWS\bin\javaw.exe (not found)
Check launcher:	C:\WINDOWS\System32\Wbem\bin\javaw.exe (not found)
Check launcher:	C:\WINDOWS\System32\WindowsPowerShell\v1.0\bin\javaw.exe (not found)
Check launcher:	C:\WINDOWS\System32\OpenSSH\bin\javaw.exe (not found)
Check launcher:	C:\ProgramData\chocolatey\bin\javaw.exe (not found)
Check launcher:	C:\Program Files\PostgreSQL\13\lib\bin\javaw.exe (not found)
Check launcher:	C:\Program Files\PostgreSQL\13\bin\javaw.exe (not found)
Check launcher:	C:\Program Files\Git\cmd\bin\javaw.exe (not found)
Check launcher:	C:\Program Files\dotnet\bin\javaw.exe (not found)
Check launcher:	C:\Program Files\Microsoft SQL Server\150\Tools\Binn\bin\javaw.exe (not found)
Check launcher:	C:\Gradle\gradle-7.5.1\bin\javaw.exe (not found)
Check launcher:	C:\WINDOWS\system32\bin\javaw.exe (not found)
Check launcher:	C:\WINDOWS\bin\javaw.exe (not found)
Check launcher:	C:\WINDOWS\System32\Wbem\bin\javaw.exe (not found)
Check launcher:	C:\WINDOWS\System32\WindowsPowerShell\v1.0\bin\javaw.exe (not found)
Check launcher:	C:\WINDOWS\System32\OpenSSH\bin\javaw.exe (not found)
Check launcher:	C:\Users\1924h\Downloads\platform-tools_r28.0.2-windows\platform-tools\bin\javaw.exe (not found)
Check launcher:	C:\msys64\mingw64\bin\javaw.exe (not found)
Check launcher:	C:\Users\1924h\OneDrive\Desktop\FDP\vcpkg\bin\javaw.exe (not found)
Check launcher:	C:\Program Files (x86)\Windows Kits\10\Windows Performance Toolkit\bin\javaw.exe (not found)
Check launcher:	C:\Program Files\Calibre2\bin\javaw.exe (not found)
Check launcher:	C:\Program Files\nodejs\bin\javaw.exe (not found)
Check launcher:	C:\Users\1924h\AppData\Local\Android\Sdk\platform-tools\bin\javaw.exe (not found)
Check launcher:	C:\Users\1924h\AppData\Local\Android\Sdk\emulator\bin\javaw.exe (not found)
Check launcher:	C:\Program Files\Java\jre-1.8\bin\javaw.exe (OK)
Version string: 1.008.000_401 / 64-Bit (OK)
Launcher:	C:\Program Files\Java\jre-1.8\bin\javaw.exe
Launcher args:	-jar "C:\Users\1924h\Downloads\nodnet\NodNet.exe"
Args length:	49/32768 chars
Exit code:	0
